nohup: ignoring input
reading fe.audit.log.20240418-1
reading fe.audit.log.20240416-1
reading fe.audit.log
reading fe.audit.log.20240417-1
fe audit logs read
add mem_list to e5d414ef213a405c-94cc1d2ba3428517
add mem_list to 3c3a8c678c09476f-972800dd59ab999d
add mem_list to d975d1eda7a493e-ae649cb29c09caaf
add mem_list to f252e6aef7fc4d90-b8296b07ea6cc243
add mem_list to d472a70c22344635-a7f6dfa9165b312f
add mem_list to e4940c9a9a2943a8-a4d30e577c042619
add mem_list to a7ca64456d734644-9557d7cc70707282
add mem_list to d29808ff0e1544d3-b1c06381215b9df6
add mem_list to 89354170e75c4e79-8473c3226ef16395
add mem_list to fcb8408ad77b42f2-b48068b41c4ea4f8
add mem_list to 5d5b1f7eb15c4254-b7e701761f78baab
add mem_list to b7e49d834ba34729-8f1a8dcbaf08d490
add mem_list to 828d735c9c94802-942c4ffcdc81bea1
add mem_list to 75ef73134d7c45f9-baf2658600bc6ac9
add mem_list to 5540947f805746ed-9c763994b7cd846a
add mem_list to ae05e0c50d9448b0-94cd032bf84d29bb
add mem_list to ed1e9d03a4bc4b8b-97d69cb36d3896af
add mem_list to a01bb14f98c14a85-afb17c23031abc97
add mem_list to 21c83269e98e47d1-90540b865b25f802
add mem_list to 8a3e6defc4ad4008-b002e4c082ab9674
add mem_list to fd7b765126b24ae6-9e480890dd652c82
add mem_list to d2fe0ac42da34562-9e61c4916ccae55b
add mem_list to 4af4c50acfe245eb-a981be2321ebd240
add mem_list to 2f0d621d04bb4e3a-842c5a7910b49d59
add mem_list to 1b4c2b85a98a4be7-acee68ee5000a6a7
add mem_list to a86bba18ec8e4681-99f31ab862c186b3
add mem_list to 4634883c473043c6-aad181fb45c3b299
add mem_list to 203434b02c5d4594-878f73c002ca5332
add mem_list to c259b10250f646bd-989dc983b1b3e99d
add mem_list to 180f4f62d5ce4140-8fab8ba8104e55b4
add mem_list to 73ac5299b5174e15-85257c874dc5e74f
add mem_list to 14502947ed0d4176-81a6f0db246a43be
add mem_list to 87f6138ee9aa48c7-b62706cde9954ff4
add mem_list to 9edd392c450e4bab-8e2c13a1954558f0
add mem_list to 37988aaab11b4edf-9c5f7b8efdf641e5
add mem_list to b9b918974b39403d-b1d19510b147d89b
add mem_list to 4259d61db8934fc6-9018f2cc6159646d
add mem_list to 3e5a1dbf5ebc4d97-bb38bc8855b5bf3c
add mem_list to c4ef55ed69e04924-a555cd16bf549920
add mem_list to a7622e0e70ff4999-8ce30d2b97c078cc
add mem_list to 1baac1c602e84fbd-8150064146c2d701
add mem_list to a411551174e4493f-a180fa2657549014
add mem_list to b200ccb3e11b449b-a86e87f19ed57a81
add mem_list to 93a8b7e4f07b434a-82567e532cd2b8fc
add mem_list to 3491f80b39fb4cb0-bd917953d052405d
add mem_list to 8e44f6ffeec4002-85b50abcf861d56b
add mem_list to fd0c13861f4c4103-be28124085b734e8
add mem_list to 290753b50f444264-8eda9e7bcf54410b
add mem_list to 8277c56847a14dcc-b8bd2cdfb9ec7b12
add mem_list to 964dceb248264a29-b270b36b2ed9a453
add mem_list to feef08132d004e11-9be6249ee437f638
add mem_list to cf4abea0f31c4691-867c636258268cdd
add mem_list to 7967c536e3474703-bdabdb85cf1a9c5b
add mem_list to 2f88ce96b1374c96-b5b9ddf5c1a3e317
add mem_list to 487f8319727e4383-b9ee527e1e4f8cf0
add mem_list to 32d88b3f26c5493a-a783397e7c10e007
add mem_list to 503037d8e4934099-a1b355ffece51f9f
add mem_list to 4674df9b1b0e4929-91c7ae568345c182
add mem_list to 13c2a03d73d7461a-96415816d3bc96f3
add mem_list to 8b33e0a058234858-9a155754ca722597
add mem_list to 616dfd5a7ac743f4-bc656613018b36d8
add mem_list to 32627a5584b54ccf-ad06162722fddb94
add mem_list to 4cd9f97d101a4618-8173518bbbc0dc98
add mem_list to c316a649f56e4249-be7936be4e46202b
add mem_list to 5e841178a8504232-80b04465214a60c5
add mem_list to a04edd1bc2e948c7-b5e779dfbf945db2
add mem_list to fbbf074ce41a414e-bbe6515357e46d3e
add mem_list to a662463ba7ca4408-a970ffea673eec42
add mem_list to 1911c67ba3724c02-9a96c750473d9f0b
add mem_list to fc8032ec9cf046a5-b2bc489f4dfb40de
add mem_list to a74f20f0d2ee4d05-b430ebb3a1053f51
add mem_list to 917c3b5306d146a1-a90360404a14fc5b
add mem_list to fb830fee61054b12-8092fb0db27beca6
add mem_list to 98d2ecae23ba499d-93329111cdeb23ce
add mem_list to f6e999303069476a-ba2606f5223ef834
add mem_list to 700e8aaac364472a-83aa16b2f582e82d
add mem_list to 17e50d82f2f147ab-9eca86c010326a43
add mem_list to 441b90309943441c-985d27dd8bb631f7
add mem_list to 7e7026600ba948a3-914e23ab43a002f0
add mem_list to 31a035e93325469b-ba0bfa7095eeec4a
add mem_list to b2ed2c60ccac4e76-adc8223f097d51de
add mem_list to 1f47828164db4157-b5f3ed3d10b7c94b
add mem_list to 5dfd2beb32034e4f-b9f00d54d2a8dcb8
add mem_list to d3ced86ee2ec4e6f-b504870e92b0530a
add mem_list to cf72672d8cdd4039-bf0467248e300c05
add mem_list to 781b087129fe49d6-ac5914c4dfd8680a
add mem_list to c2855af12188482b-baae0a93ef952d9e
add mem_list to 1231f5f2159a4e8f-91ffdb45157241a3
add mem_list to b89568be31fc4e90-83ed18c325e566ea
add mem_list to b0338b921ec6434d-9e5cd4e56974aa66
add mem_list to b53caaf83f204623-87d121efe59d033a
add mem_list to f446044acdff4379-ab7d5df446cf49b5
add mem_list to 20857cd63e694b7a-bab2342057e75f13
add mem_list to 40659d4a37d94a0a-ad39bf0335a2788d
add mem_list to fe302b45e6454b1e-afa6214ba5646b86
add mem_list to b7af86bfe5eb4780-b5fa15f325406284
add mem_list to 97a16d0e49e34872-b77b29aa9592501e
add mem_list to 55c290947f1c4bdf-bb1a1fe7fd780c6f
add mem_list to aedd4b73c32540f3-854e1f6c2c25fa02
add mem_list to 9f8d8cb2ffdd4ae5-98e5f616a01d1856
add mem_list to f556d368226f42d6-a8d0837ff879e8bf
add mem_list to 8391275e4ea341ef-995c0e6b629c04e3
add mem_list to 1512d12cc94648dc-8360fbe01ad29a3d
add mem_list to 306293340282441a-ad398bd952e81af5
add mem_list to 7524ebcd0c9e4191-93e2e9e817cd8b8d
add mem_list to 6fcf03cc2b5b44e6-9e5cd52c8446a661
add mem_list to e53cf10ee7a34d92-a41aa75d5959b654
add mem_list to 1446d95633674e69-afc2f278f68ed6c6
add mem_list to 5ae577b76611434c-9f8105799c168f97
add mem_list to 87be489e032c48fa-841dcde418af2f3f
add mem_list to 9776797429094570-a94001d64569e4c2
add mem_list to eab2360f2a8f42f4-8dfc909a2ac5de13
add mem_list to 58d5f35653da4c26-8df83b050f4f98b0
add mem_list to 38a26237cc544f50-bc5ee9988f0cd5ee
add mem_list to 2eca2ead33114237-a08886c9aa1833f5
add mem_list to 53b5e299c81e422c-9154ed06b1979ca8
add mem_list to 77bba9a416604f6e-a64e3d8af29eb7a2
add mem_list to 3bd61bb5883d40fb-9a7c06036357c4ae
add mem_list to 6eb85ad692a84a96-9233d899d3ce0222
add mem_list to 6956188499be4470-9602ff562935e28b
add mem_list to f795f4a0fc694d89-808ab493f7d6d06e
add mem_list to cc52652775ac40d1-aabd9413ea088a06
add mem_list to b924e26e29f84fc6-b85e8a6d34b0d82f
add mem_list to 67d4fd203cd94742-8eb8ec7aa6b171e2
add mem_list to 8651f0ec85b44b81-a634a2ba7bbd1777
add mem_list to 8e4c0ccd087248f6-bc3c3e99b9bf6d98
add mem_list to 3ce31dd2b9604f27-b2ef70969a51ad06
add mem_list to 6433f6a2d0da4f2f-b4d3d26bd03712ff
add mem_list to 9d9c324c3573429c-a95d081a9a6c38fb
add mem_list to dee3c252af6f4f36-b456a1ccd55017ae
add mem_list to eb21d0c50aee444c-bc0461fcc5cc2db7
add mem_list to 1546060e7fda48c3-8f63fe509d4b9003
add mem_list to 92f6b86b3f7493a-8eb0009b72a2d343
add mem_list to 80b2f22521b54297-bedac8103a406ddf
add mem_list to 1ae96a280e014639-881d1cc8dc69c54a
add mem_list to a746d6cd16846db-a4b7359b9b3a198a
add mem_list to 3dd9affbe826472d-b10211db3ebd7515
add mem_list to dfe87982d4b148e9-8d1d650d081fc1eb
add mem_list to ba9910d2781e4782-a9b554452bca0c64
add mem_list to 2161c5c3eca745ee-99ec1246449f3dbb
add mem_list to ca80c5b787ae47c6-92757d5accbf53be
add mem_list to a722b16feccb4fb2-80a8a23f0b4c564a
add mem_list to c0968b3ab0314664-afd4306db6a18fc0
add mem_list to a6aa82dfb6ce40dc-96f6155d2a435af6
add mem_list to 7b495ca7d5f1435c-ba814102c4eefdea
add mem_list to a1a59a1ec5848de-bc3d95e903f8e957
add mem_list to e50e74dfb8e14f01-bc213c54e13e587d
add mem_list to 50cb601f49414b9a-88ad0eec4ed669f7
add mem_list to 9b44c926ea034d06-a26347ec286bf43d
add mem_list to 43c368b3786c4b04-911005daf8cfcd82
add mem_list to 60526ed5dd7e401b-a74ea51ed10d53b4
add mem_list to b941e80f0d5948fc-81a3db7d3479076a
add mem_list to 438b2ac3b2f247b0-89b03ad617bc9526
add mem_list to 2e5adb59efc54922-bffffc790e607c03
add mem_list to 595284e72a704f9a-9a3eed944cca9e8a
add mem_list to fff569c077fe451a-8149b80b7a221b39
add mem_list to feffa55493cf499d-996de0fc5a9536ce
add mem_list to fb2c51c6d8544c0b-982bea73d802c341
add mem_list to 4609110b343b4230-a1b7ca2ed782c1b2
add mem_list to 53025657c99e4ce4-ae16ade2e2c586c5
add mem_list to d054833d65a840a1-b20c3401861771f4
add mem_list to bcdd5a0d3b754aec-9486361647a4bd0b
add mem_list to 27c9632c24d94f46-be70278e242fe9ec
add mem_list to 8eefd5ab76ee4f3c-8bc137b533e43cf6
add mem_list to a312ae6968724938-bbb9adb13af0c3c3
add mem_list to 714fdf149a194da8-89400b28ff4ca507
add mem_list to b7cb605954274aee-a35723f4ba12cd8c
add mem_list to 734b05cb7a44473f-add598db7fc97800
add mem_list to dfcb29557ddf47fd-ab938d461c8c21d1
add mem_list to ca779042f9ae4c1e-b7194ad45557c659
add mem_list to ff895ff0e45b40f6-9dc2ddeb75d3aee8
add mem_list to a4d025d2489456b-9d440d3910300c7a
add mem_list to 76f279c0b28542a3-886706a3a826ffbf
add mem_list to e9d87ab935be4fe8-88088d0ef3d43152
add mem_list to 8a2ae472ef6d4b6b-9ede895a1a769a87
add mem_list to b927112b912546e2-a488efd6ae84362e
add mem_list to 6ec27e675aee49f4-ae963a3f8f129444
add mem_list to 191022ab6124558-ba645c3ff2a8d1dd
add mem_list to 71da7f9a110b41ff-90c97954c96bc53b
add mem_list to 463ec5ffe44347f7-99f4405460598b2f
add mem_list to 4e4a6a212474630-b4d9bdba6b77b044
add mem_list to 8f42802000cc4f9a-8f4e3892da7ee80a
add mem_list to fc818396a91446e6-a45f8de1e304dc6c
add mem_list to 9f6ccc389eb648b7-8388a4f5b3b362ed
add mem_list to 47ae6038bc394e80-a6bc1cc599d8e6eb
add mem_list to e9fac86012ba4257-bdc82e770d1e483c
add mem_list to 43f34688c9bb46f1-a088b8039c22769a
add mem_list to fc14d8aa88c84079-904e91d6d03d205c
add mem_list to 85884de566144ce3-916d96aeb17cdfb2
add mem_list to 5eb773d495f84e0e-a4bc3a013f18a370
add mem_list to 988189f97f544001-9ae95d450cf14e75
add mem_list to c579892401cd4abe-b262a49c65527c49
add mem_list to 709f437c23c64f11-b8adb98a21293f76
add mem_list to 8647d3f2505470b-a116debed2551fdf
add mem_list to e6d96d01cc0149b9-8b4195d5aedd9888
add mem_list to bb5236df356040a9-b915147165368054
add mem_list to f802c8aac9094733-8c983fa3ad822c08
add mem_list to d499624224446ee-b333a6e2248deea8
add mem_list to a78835e8187944f6-b600fd171601875a
add mem_list to 812a85ce7614405e-b45f7677dabb93a2
add mem_list to cbf70e3d86fa4d37-b34d72bfb6ec1119
add mem_list to 45ba7bf7d50843e5-ba535932cec1cdc5
add mem_list to de977e9487324efd-9c64f43e9abb850c
add mem_list to 3a4b42063e95411b-9f230808266c7bef
add mem_list to ef4f70fa74a540a8-86af347221ed757d
add mem_list to 57b0416798aa4089-a857a59b677eb328
add mem_list to 9b1423c8a394443a-9a1a3fbee1e96e43
add mem_list to 79e98a1e257e475e-a857fe026a12cfc2
add mem_list to 407502fcdd6a4fcc-9da86435ba097e6a
add mem_list to e914aa9d3c3c4d2b-a3cd29adb1662f2b
add mem_list to 6b6b5bec24614f8a-a8892982d4a5b896
add mem_list to 9c947ebcf0ab4b9b-b62e2690b2b4f45a
add mem_list to f7fe6cd496fd409c-92166c3caef4e51d
add mem_list to c32918b7817b42b3-85984375fe8257fe
add mem_list to 3031650f53ab4740-b9dbbae494c3e351
add mem_list to 5d8f575a1e15454e-b876bafc147477c8
add mem_list to 1515d5bc95bb4809-9a081b399062eb50
add mem_list to 350dfb2e55c74214-a39779b5c0a2ec15
add mem_list to 18b91a25b2bf4758-baca497a3073f443
add mem_list to fea88fc899574321-9c783d0709184e14
add mem_list to b7d83b28795446e0-a766a83f14bf2a14
add mem_list to ea342b93b2484ab0-bb00a7b3ae0f278f
add mem_list to dfe3a4c9889d41a6-98e93e15b203f5cb
add mem_list to c9a69f0294c4ec2-bf274b7198a73913
add mem_list to 50d46e32a60344af-8bb1d5e5a88d69b9
add mem_list to 6a1d17363ac4e9a-9eb5551e40dccdd9
add mem_list to a6bbff3582294fee-ae87c43b1c11803e
add mem_list to 9bc5497dbc73403b-b1e833775239750c
add mem_list to 8c34377468234798-8b2af5dc27215547
add mem_list to 50488fb0208b4f46-b5f26a636610ff11
add mem_list to 76c6f6d821c84b11-95ffe17296726f1b
add mem_list to 273763b97b4940de-a7f6023b542bd6cd
add mem_list to 9bf2a0d5609409b-bf41991a4e75f051
add mem_list to 619841f9f18847e3-9fff80f5efaa68e4
add mem_list to 20df2c2ff1864419-9d7a9092667cfe23
add mem_list to bf36afd0923e49ff-9136a130bbace5b8
add mem_list to a8b7ca1e932b4927-9f455deeba42758b
add mem_list to 96b477e7f91143d5-bbcbedb290c1e11c
add mem_list to fb0873c978fb4bf5-8488f92e8ab2b783
add mem_list to 48ac441f023646fd-95ed7895ae7e0d79
add mem_list to 6b9cab0c1be54332-ad9cac3d36bbfeda
add mem_list to f970c62bf669424a-9b222650f0795539
add mem_list to 469a9298b110427d-a3a6bcb97a88c571
add mem_list to 38694dd51cf84744-ac5a9f63a6c696ae
add mem_list to ccf322f7e8d0446c-b30f5fafc8d83552
add mem_list to 40dd106e31ad44c6-a48809faa6b34392
add mem_list to 6418e84d6f1b4c08-b1a4725f7c5a7f2e
add mem_list to e55738e907ad49f7-92f4f3bfc01b6bf9
add mem_list to ee2f9a0f740848a8-8a0fa8c0acb0c6de
add mem_list to 9a622b83da744d37-9be5d6d0b85e93af
add mem_list to 2eb5b0112f9a48b6-9ae9a454237a4e63
add mem_list to 5bdac49429484acf-bdf9f047efc1b070
add mem_list to 3e436d4023eb4608-a0e76f5018a4e174
add mem_list to 6798ec9b582e4a03-93b1b77e8d243d41
add mem_list to 5e91880070c544ad-9375143602e6e91e
add mem_list to 5c44a1fc7bec453b-aa1967020e428963
add mem_list to 59abf4c8e99846b3-9c01e12874c7d243
add mem_list to a9dd34c616c542dd-88698f1bc514cd74
add mem_list to 6256ae472ca643b0-a365ed9279815a5b
add mem_list to 73b313fbcba2480a-b9df07bb569888d2
add mem_list to 3da4682c418a4563-ae603b8c03b54096
add mem_list to d232a8b0c6914722-8a8fc0909d925130
add mem_list to 9893b630e3084884-be120620b392b130
add mem_list to f28ba54c301348f3-90f1bcfee6cd2248
add mem_list to 151e5fcdb11447ac-800df929fe1a9d6e
add mem_list to e353e309df554a80-a7a413abdf9c80c1
add mem_list to 6e64d44b37a84aa1-973a9fd5d74c599f
add mem_list to 9a0ddf4d740649bb-a9405abb224fdc2e
add mem_list to 5fde515880974631-af2405e56d880a5e
add mem_list to 14e1d6f381ae4e27-bebf377bcc89e58a
add mem_list to 19a783dd6fb245b9-8cff78650516dd8d
add mem_list to 981d4bf38ae84122-b22933950ea95557
add mem_list to c0e1766eb9ad4ed7-9e2ae9c22634f408
add mem_list to 63374b9702664ab9-afb8f6381ef16c1a
add mem_list to 86e09cc461c34c0b-8abcd832ef8e8bfd
add mem_list to d1d134f75e854149-9a841d195f5aece8
add mem_list to 544f443e3c8e482d-8504ede5929531e5
saved to query_mem_data.json, all query number:  4079
